[ 2017-09-06T11:19:09+08:00 ] 127.0.0.1 /minidingcanapi/index.php/Api/Index/index
NOTIC: [8] Use of undefined constant SHOW_PAGE_TRACE - assumed 'SHOW_PAGE_TRACE' D:\phpStudy\WWW\minidingcanapi\App\Common\Conf\debug.php 第 4 行.
INFO: [ app_init ] --START--
INFO: Run Behavior\BuildLiteBehavior [ RunTime:0.000037s ]
INFO: [ app_init ] --END-- [ RunTime:0.000160s ]
NOTIC: [8] Undefined variable: sckey D:\phpStudy\WWW\minidingcanapi\App\Api\Conf\config.php 第 33 行.
NOTIC: [8] Undefined variable: sckey D:\phpStudy\WWW\minidingcanapi\App\Api\Conf\config.php 第 33 行.
NOTIC: [8] Undefined variable: sckey D:\phpStudy\WWW\minidingcanapi\App\Api\Conf\config.php 第 33 行.
NOTIC: [8] Use of undefined constant LOAD_EXT_CONFIG - assumed 'LOAD_EXT_CONFIG' D:\phpStudy\WWW\minidingcanapi\App\Api\Conf\config.php 第 40 行.

[ 2017-09-06T11:19:11+08:00 ] 127.0.0.1 /minidingcanapi/index.php/Api/User/getorder
NOTIC: [8] Use of undefined constant SHOW_PAGE_TRACE - assumed 'SHOW_PAGE_TRACE' D:\phpStudy\WWW\minidingcanapi\App\Common\Conf\debug.php 第 4 行.
INFO: [ app_init ] --START--
INFO: Run Behavior\BuildLiteBehavior [ RunTime:0.000023s ]
INFO: [ app_init ] --END-- [ RunTime:0.000105s ]
NOTIC: [8] Undefined variable: sckey D:\phpStudy\WWW\minidingcanapi\App\Api\Conf\config.php 第 33 行.
NOTIC: [8] Undefined variable: sckey D:\phpStudy\WWW\minidingcanapi\App\Api\Conf\config.php 第 33 行.
NOTIC: [8] Undefined variable: sckey D:\phpStudy\WWW\minidingcanapi\App\Api\Conf\config.php 第 33 行.
NOTIC: [8] Use of undefined constant LOAD_EXT_CONFIG - assumed 'LOAD_EXT_CONFIG' D:\phpStudy\WWW\minidingcanapi\App\Api\Conf\config.php 第 40 行.

[ 2017-09-06T11:19:12+08:00 ] 127.0.0.1 /minidingcanapi/index.php/Api/User/getorder
NOTIC: [8] Use of undefined constant SHOW_PAGE_TRACE - assumed 'SHOW_PAGE_TRACE' D:\phpStudy\WWW\minidingcanapi\App\Common\Conf\debug.php 第 4 行.
INFO: [ app_init ] --START--
INFO: Run Behavior\BuildLiteBehavior [ RunTime:0.000019s ]
INFO: [ app_init ] --END-- [ RunTime:0.000096s ]
NOTIC: [8] Undefined variable: sckey D:\phpStudy\WWW\minidingcanapi\App\Api\Conf\config.php 第 33 行.
NOTIC: [8] Undefined variable: sckey D:\phpStudy\WWW\minidingcanapi\App\Api\Conf\config.php 第 33 行.
NOTIC: [8] Undefined variable: sckey D:\phpStudy\WWW\minidingcanapi\App\Api\Conf\config.php 第 33 行.
NOTIC: [8] Use of undefined constant LOAD_EXT_CONFIG - assumed 'LOAD_EXT_CONFIG' D:\phpStudy\WWW\minidingcanapi\App\Api\Conf\config.php 第 40 行.

[ 2017-09-06T11:19:12+08:00 ] 127.0.0.1 /minidingcanapi/index.php/Api/Login/getsessionkey
NOTIC: [8] Use of undefined constant SHOW_PAGE_TRACE - assumed 'SHOW_PAGE_TRACE' D:\phpStudy\WWW\minidingcanapi\App\Common\Conf\debug.php 第 4 行.
INFO: [ app_init ] --START--
INFO: Run Behavior\BuildLiteBehavior [ RunTime:0.000020s ]
INFO: [ app_init ] --END-- [ RunTime:0.000101s ]
NOTIC: [8] Undefined variable: sckey D:\phpStudy\WWW\minidingcanapi\App\Api\Conf\config.php 第 33 行.
NOTIC: [8] Undefined variable: sckey D:\phpStudy\WWW\minidingcanapi\App\Api\Conf\config.php 第 33 行.
NOTIC: [8] Undefined variable: sckey D:\phpStudy\WWW\minidingcanapi\App\Api\Conf\config.php 第 33 行.
NOTIC: [8] Use of undefined constant LOAD_EXT_CONFIG - assumed 'LOAD_EXT_CONFIG' D:\phpStudy\WWW\minidingcanapi\App\Api\Conf\config.php 第 40 行.

[ 2017-09-06T11:19:12+08:00 ] 127.0.0.1 /minidingcanapi/index.php/Api/Login/authlogin
NOTIC: [8] Use of undefined constant SHOW_PAGE_TRACE - assumed 'SHOW_PAGE_TRACE' D:\phpStudy\WWW\minidingcanapi\App\Common\Conf\debug.php 第 4 行.
INFO: [ app_init ] --START--
INFO: Run Behavior\BuildLiteBehavior [ RunTime:0.000025s ]
INFO: [ app_init ] --END-- [ RunTime:0.000127s ]
NOTIC: [8] Undefined variable: sckey D:\phpStudy\WWW\minidingcanapi\App\Api\Conf\config.php 第 33 行.
NOTIC: [8] Undefined variable: sckey D:\phpStudy\WWW\minidingcanapi\App\Api\Conf\config.php 第 33 行.
NOTIC: [8] Undefined variable: sckey D:\phpStudy\WWW\minidingcanapi\App\Api\Conf\config.php 第 33 行.
NOTIC: [8] Use of undefined constant LOAD_EXT_CONFIG - assumed 'LOAD_EXT_CONFIG' D:\phpStudy\WWW\minidingcanapi\App\Api\Conf\config.php 第 40 行.

[ 2017-09-06T11:19:14+08:00 ] 127.0.0.1 /minidingcanapi/index.php/Api/User/voucher
NOTIC: [8] Use of undefined constant SHOW_PAGE_TRACE - assumed 'SHOW_PAGE_TRACE' D:\phpStudy\WWW\minidingcanapi\App\Common\Conf\debug.php 第 4 行.
INFO: [ app_init ] --START--
INFO: Run Behavior\BuildLiteBehavior [ RunTime:0.000022s ]
INFO: [ app_init ] --END-- [ RunTime:0.000108s ]
NOTIC: [8] Undefined variable: sckey D:\phpStudy\WWW\minidingcanapi\App\Api\Conf\config.php 第 33 行.
NOTIC: [8] Undefined variable: sckey D:\phpStudy\WWW\minidingcanapi\App\Api\Conf\config.php 第 33 行.
NOTIC: [8] Undefined variable: sckey D:\phpStudy\WWW\minidingcanapi\App\Api\Conf\config.php 第 33 行.
NOTIC: [8] Use of undefined constant LOAD_EXT_CONFIG - assumed 'LOAD_EXT_CONFIG' D:\phpStudy\WWW\minidingcanapi\App\Api\Conf\config.php 第 40 行.

[ 2017-09-06T15:35:51+08:00 ] 127.0.0.1 /minidingcanapi/index.php/Api/User/getquestion/uid/3/qid/28
NOTIC: [8] Use of undefined constant SHOW_PAGE_TRACE - assumed 'SHOW_PAGE_TRACE' D:\phpStudy\WWW\minidingcanapi\App\Common\Conf\debug.php 第 4 行.
INFO: [ app_init ] --START--
INFO: Run Behavior\BuildLiteBehavior [ RunTime:0.000030s ]
INFO: [ app_init ] --END-- [ RunTime:0.000164s ]
NOTIC: [8] Undefined variable: sckey D:\phpStudy\WWW\minidingcanapi\App\Api\Conf\config.php 第 33 行.
NOTIC: [8] Undefined variable: sckey D:\phpStudy\WWW\minidingcanapi\App\Api\Conf\config.php 第 33 行.
NOTIC: [8] Undefined variable: sckey D:\phpStudy\WWW\minidingcanapi\App\Api\Conf\config.php 第 33 行.
NOTIC: [8] Use of undefined constant LOAD_EXT_CONFIG - assumed 'LOAD_EXT_CONFIG' D:\phpStudy\WWW\minidingcanapi\App\Api\Conf\config.php 第 40 行.
ERR: 非法操作:getquestion

[ 2017-09-06T15:36:59+08:00 ] 127.0.0.1 /minidingcanapi/index.php/Api/User/getquestion/uid/3/qid/2
NOTIC: [8] Use of undefined constant SHOW_PAGE_TRACE - assumed 'SHOW_PAGE_TRACE' D:\phpStudy\WWW\minidingcanapi\App\Common\Conf\debug.php 第 4 行.
INFO: [ app_init ] --START--
INFO: Run Behavior\BuildLiteBehavior [ RunTime:0.000020s ]
INFO: [ app_init ] --END-- [ RunTime:0.000103s ]
NOTIC: [8] Undefined variable: sckey D:\phpStudy\WWW\minidingcanapi\App\Api\Conf\config.php 第 33 行.
NOTIC: [8] Undefined variable: sckey D:\phpStudy\WWW\minidingcanapi\App\Api\Conf\config.php 第 33 行.
NOTIC: [8] Undefined variable: sckey D:\phpStudy\WWW\minidingcanapi\App\Api\Conf\config.php 第 33 行.
NOTIC: [8] Use of undefined constant LOAD_EXT_CONFIG - assumed 'LOAD_EXT_CONFIG' D:\phpStudy\WWW\minidingcanapi\App\Api\Conf\config.php 第 40 行.
ERR: 非法操作:getquestion

